<?xml version="1.0" encoding="UTF-8"?>
<!-- Generated by org.testng.reporters.JUnitReportReporter -->
<testsuite hostname="DESKTOP-L4D6849" failures="0" tests="2" name="com.juaracoding.ujian7.StepDefinitions" time="40.775" errors="0" timestamp="2022-04-09T11:13:47 ICT" skipped="0">
  <testcase classname="com.juaracoding.ujian7.StepDefinitions" name="testAddPengeluaran" time="23.167"/>
  <system-out/>
  <testcase classname="com.juaracoding.ujian7.StepDefinitions" name="testAddPemasukan" time="17.608"/>
  <system-out/>
</testsuite> <!-- com.juaracoding.ujian7.StepDefinitions -->
